<?xml version="1.0" encoding="UTF-8"?>
<testng-results skipped="0" failed="0" ignored="0" total="1" passed="1">
  <reporter-output>
  </reporter-output>
  <suite name="Default suite" duration-ms="95173" started-at="2020-01-14T11:07:37Z" finished-at="2020-01-14T11:09:12Z">
    <groups>
    </groups>
    <test name="Default test" duration-ms="95173" started-at="2020-01-14T11:07:37Z" finished-at="2020-01-14T11:09:12Z">
      <class name="Scripts.TestValidLogin2">
        <test-method status="PASS" signature="openApplication()[pri:0, instance:Scripts.TestValidLogin2@528931cf]" name="openApplication" is-config="true" duration-ms="61921" started-at="2020-01-14T11:07:37Z" finished-at="2020-01-14T11:08:39Z">
          <reporter-output>
          </reporter-output>
        </test-method> <!-- openApplication -->
        <test-method status="PASS" signature="testValidLogin2()[pri:0, instance:Scripts.TestValidLogin2@528931cf]" name="testValidLogin2" duration-ms="33044" started-at="2020-01-14T11:08:39Z" finished-at="2020-01-14T11:09:12Z">
          <reporter-output>
          </reporter-output>
        </test-method> <!-- testValidLogin2 -->
        <test-method status="PASS" signature="closeApplication(org.testng.ITestResult)[pri:0, instance:Scripts.TestValidLogin2@528931cf]" name="closeApplication" is-config="true" duration-ms="2" started-at="2020-01-14T11:09:12Z" finished-at="2020-01-14T11:09:12Z">
          <params>
            <param index="0">
              <value>
                <![CDATA[[TestResult name=testValidLogin2 status=SUCCESS method=TestValidLogin2.testValidLogin2()[pri:0, instance:Scripts.TestValidLogin2@528931cf] output={null}]]]>
              </value>
            </param>
          </params>
          <reporter-output>
          </reporter-output>
        </test-method> <!-- closeApplication -->
      </class> <!-- Scripts.TestValidLogin2 -->
    </test> <!-- Default test -->
  </suite> <!-- Default suite -->
</testng-results>
