<?xml version="1.0" encoding="UTF-8"?>
<testng-results skipped="0" failed="0" ignored="0" total="1" passed="1">
  <reporter-output>
  </reporter-output>
  <suite name="Default suite" duration-ms="35264" started-at="2018-12-13T17:56:17Z" finished-at="2018-12-13T17:56:53Z">
    <groups>
    </groups>
    <test name="Default test" duration-ms="35264" started-at="2018-12-13T17:56:17Z" finished-at="2018-12-13T17:56:53Z">
      <class name="admindashbord.Dactualpgm">
        <test-method status="PASS" signature="filterrides()[pri:0, instance:admindashbord.Dactualpgm@55de24cc]" name="filterrides" duration-ms="35233" started-at="2018-12-13T17:56:17Z" finished-at="2018-12-13T17:56:53Z">
          <reporter-output>
          </reporter-output>
        </test-method> <!-- filterrides -->
      </class> <!-- admindashbord.Dactualpgm -->
    </test> <!-- Default test -->
  </suite> <!-- Default suite -->
</testng-results>
