<?xml version="1.0" encoding="UTF-8"?>
<!-- Generated by org.testng.reporters.JUnitXMLReporter -->
<testsuite hostname="Admin-PC" ignored="0" name="Default test" tests="3" failures="0" timestamp="01 Apr 2019 16:58:45 GMT" time="0.091" errors="0">
  <testcase name="createuser" time="0.01" classname="TestNGPackge.DemoTestNg"/>
  <testcase name="editeuser" time="0.002" classname="TestNGPackge.DemoTestNg"/>
  <testcase name="deleteuser" time="0.002" classname="TestNGPackge.DemoTestNg"/>
</testsuite> <!-- Default test -->
