<?xml version="1.0" encoding="UTF-8"?>
<testng-results skipped="0" failed="0" ignored="0" total="1" passed="1">
  <reporter-output>
  </reporter-output>
  <suite name="Default suite" duration-ms="85722" started-at="2018-07-11T16:37:12Z" finished-at="2018-07-11T16:38:37Z">
    <groups>
    </groups>
    <test name="Default test" duration-ms="85722" started-at="2018-07-11T16:37:12Z" finished-at="2018-07-11T16:38:37Z">
      <class name="testpakageIPL.TestLogin">
        <test-method status="PASS" signature="testLgin()[pri:0, instance:testpakageIPL.TestLogin@136c2f0]" name="testLgin" duration-ms="84951" started-at="2018-07-11T22:07:12Z" finished-at="2018-07-11T22:08:37Z">
          <reporter-output>
          </reporter-output>
        </test-method> <!-- testLgin -->
      </class> <!-- testpakageIPL.TestLogin -->
    </test> <!-- Default test -->
  </suite> <!-- Default suite -->
</testng-results>
