<?xml version="1.0" encoding="UTF-8"?>
<testng-results skipped="0" failed="0" ignored="0" total="1" passed="1">
  <reporter-output>
  </reporter-output>
  <suite name="Default suite" duration-ms="68084" started-at="2020-01-01T11:46:24Z" finished-at="2020-01-01T11:47:32Z">
    <groups>
    </groups>
    <test name="Default test" duration-ms="68084" started-at="2020-01-01T11:46:24Z" finished-at="2020-01-01T11:47:32Z">
      <class name="Scripts.TestValidLogin">
        <test-method status="PASS" signature="openApplication()[pri:0, instance:Scripts.TestValidLogin@528931cf]" name="openApplication" is-config="true" duration-ms="32808" started-at="2020-01-01T11:46:24Z" finished-at="2020-01-01T11:46:57Z">
          <reporter-output>
          </reporter-output>
        </test-method> <!-- openApplication -->
        <test-method status="PASS" signature="testValidLogin()[pri:0, instance:Scripts.TestValidLogin@528931cf]" name="testValidLogin" duration-ms="35197" started-at="2020-01-01T11:46:57Z" finished-at="2020-01-01T11:47:32Z">
          <reporter-output>
          </reporter-output>
        </test-method> <!-- testValidLogin -->
        <test-method status="PASS" signature="closeApplication(org.testng.ITestResult)[pri:0, instance:Scripts.TestValidLogin@528931cf]" name="closeApplication" is-config="true" duration-ms="25" started-at="2020-01-01T11:47:32Z" finished-at="2020-01-01T11:47:32Z">
          <params>
            <param index="0">
              <value>
                <![CDATA[[TestResult name=testValidLogin status=SUCCESS method=TestValidLogin.testValidLogin()[pri:0, instance:Scripts.TestValidLogin@528931cf] output={null}]]]>
              </value>
            </param>
          </params>
          <reporter-output>
          </reporter-output>
        </test-method> <!-- closeApplication -->
      </class> <!-- Scripts.TestValidLogin -->
    </test> <!-- Default test -->
  </suite> <!-- Default suite -->
</testng-results>
